Determining if the pthread_create exist failed with the following output:
Change Dir: /media/jintain/sg/deploy/standalone_test/catkin_ws/src/wavehands_stop/cmake-build-debug/CMakeFiles/CMakeTmp

Run Build Command:"/usr/bin/make" "cmTC_bfbea/fast"
/usr/bin/make -f CMakeFiles/cmTC_bfbea.dir/build.make CMakeFiles/cmTC_bfbea.dir/build
make[1]: Entering directory '/media/jintain/sg/deploy/standalone_test/catkin_ws/src/wavehands_stop/cmake-build-debug/CMakeFiles/CMakeTmp'
Building C object CMakeFiles/cmTC_bfbea.dir/CheckSymbolExists.c.o
/usr/bin/cc    -o CMakeFiles/cmTC_bfbea.dir/CheckSymbolExists.c.o   -c /media/jintain/sg/deploy/standalone_test/catkin_ws/src/wavehands_stop/cmake-build-debug/CMakeFiles/CMakeTmp/CheckSymbolExists.c
Linking C executable cmTC_bfbea
/opt/clion-2018.3.3/bin/cmake/linux/bin/cmake -E cmake_link_script CMakeFiles/cmTC_bfbea.dir/link.txt --verbose=1
/usr/bin/cc      -rdynamic CMakeFiles/cmTC_bfbea.dir/CheckSymbolExists.c.o  -o cmTC_bfbea 
CMakeFiles/cmTC_bfbea.dir/CheckSymbolExists.c.o: In function `main':
CheckSymbolExists.c:(.text+0x1b): undefined reference to `pthread_create'
collect2: error: ld returned 1 exit status
CMakeFiles/cmTC_bfbea.dir/build.make:86: recipe for target 'cmTC_bfbea' failed
make[1]: *** [cmTC_bfbea] Error 1
make[1]: Leaving directory '/media/jintain/sg/deploy/standalone_test/catkin_ws/src/wavehands_stop/cmake-build-debug/CMakeFiles/CMakeTmp'
Makefile:121: recipe for target 'cmTC_bfbea/fast' failed
make: *** [cmTC_bfbea/fast] Error 2

File /media/jintain/sg/deploy/standalone_test/catkin_ws/src/wavehands_stop/cmake-build-debug/CMakeFiles/CMakeTmp/CheckSymbolExists.c:
/* */
#include <pthread.h>

int main(int argc, char** argv)
{
  (void)argv;
#ifndef pthread_create
  return ((int*)(&pthread_create))[argc];
#else
  (void)argc;
  return 0;
#endif
}

Determining if the function pthread_create exists in the pthreads failed with the following output:
Change Dir: /media/jintain/sg/deploy/standalone_test/catkin_ws/src/wavehands_stop/cmake-build-debug/CMakeFiles/CMakeTmp

Run Build Command:"/usr/bin/make" "cmTC_a0cbb/fast"
/usr/bin/make -f CMakeFiles/cmTC_a0cbb.dir/build.make CMakeFiles/cmTC_a0cbb.dir/build
make[1]: Entering directory '/media/jintain/sg/deploy/standalone_test/catkin_ws/src/wavehands_stop/cmake-build-debug/CMakeFiles/CMakeTmp'
Building C object CMakeFiles/cmTC_a0cbb.dir/CheckFunctionExists.c.o
/usr/bin/cc   -DCHECK_FUNCTION_EXISTS=pthread_create   -o CMakeFiles/cmTC_a0cbb.dir/CheckFunctionExists.c.o   -c /opt/clion-2018.3.3/bin/cmake/linux/share/cmake-3.13/Modules/CheckFunctionExists.c
Linking C executable cmTC_a0cbb
/opt/clion-2018.3.3/bin/cmake/linux/bin/cmake -E cmake_link_script CMakeFiles/cmTC_a0cbb.dir/link.txt --verbose=1
/usr/bin/cc  -DCHECK_FUNCTION_EXISTS=pthread_create    -rdynamic CMakeFiles/cmTC_a0cbb.dir/CheckFunctionExists.c.o  -o cmTC_a0cbb -lpthreads 
/usr/bin/ld: cannot find -lpthreads
collect2: error: ld returned 1 exit status
CMakeFiles/cmTC_a0cbb.dir/build.make:86: recipe for target 'cmTC_a0cbb' failed
make[1]: *** [cmTC_a0cbb] Error 1
make[1]: Leaving directory '/media/jintain/sg/deploy/standalone_test/catkin_ws/src/wavehands_stop/cmake-build-debug/CMakeFiles/CMakeTmp'
Makefile:121: recipe for target 'cmTC_a0cbb/fast' failed
make: *** [cmTC_a0cbb/fast] Error 2


